\BOOKMARK [1][-]{section.1}{\376\377\000M\000o\000t\000i\000v\000a\000t\000i\000o\000n}{}% 1
\BOOKMARK [1][-]{section.2}{\376\377\000S\000t\000a\000t\000e\000\040\000o\000f\000\040\000t\000h\000e\000\040\000a\000r\000t}{}% 2
\BOOKMARK [2][-]{subsection.2.1}{\376\377\000S\000o\000l\000a\000r\000\040\000e\000l\000e\000k\000r\000i\000s\000c\000h\000e\000\040\000A\000u\000t\000o\000s\000\040\000\050\000S\000E\000V\000\051}{section.2}% 3
\BOOKMARK [2][-]{subsection.2.2}{\376\377\000S\000o\000l\000a\000r\000\040\000u\000n\000d\000\040\000H\000y\000b\000r\000i\000d\000\040\000b\000e\000t\000r\000i\000e\000b\000e\000n\000e\000\040\000D\000r\000o\000h\000n\000e\000n\000\040\000u\000n\000d\000\040\000F\000l\000u\000g\000z\000e\000u\000g\000e}{section.2}% 4
\BOOKMARK [2][-]{subsection.2.3}{\376\377\000H\000y\000b\000r\000i\000d\000e\000r\000\040\000A\000n\000t\000r\000i\000e\000b\000e\000\040\000b\000e\000i\000\040\000e\000i\000n\000e\000m\000\040\000F\000e\000l\000d\000r\000o\000b\000o\000t\000e\000r}{section.2}% 5
\BOOKMARK [2][-]{subsection.2.4}{\376\377\000H\000y\000b\000r\000i\000d\000e\000r\000\040\000A\000n\000t\000r\000i\000e\000b\000\040\000a\000m\000\040\000T\000r\000a\000k\000t\000o\000r}{section.2}% 6
\BOOKMARK [2][-]{subsection.2.5}{\376\377\000M\000o\000d\000e\000l\000l\000p\000r\000\344\000d\000i\000k\000t\000i\000v\000e\000\040\000R\000e\000g\000e\000l\000u\000n\000g\000\040\000d\000e\000s\000\040\000E\000n\000e\000r\000g\000i\000e\000m\000a\000n\000a\000g\000e\000m\000e\000n\000t\000\040\000f\000\374\000r\000\040\000H\000y\000b\000r\000i\000d\000s\000y\000s\000t\000e\000m\000e}{section.2}% 7
\BOOKMARK [2][-]{subsection.2.6}{\376\377\000R\000e\000g\000e\000l\000u\000n\000g\000\040\000d\000e\000s\000\040\000E\000n\000e\000r\000g\000i\000e\000m\000a\000n\000a\000g\000e\000m\000e\000n\000t\000\040\000d\000u\000r\000c\000h\000\040\000e\000i\000n\000f\000a\000c\000h\000e\000\040\000H\000e\000u\000r\000i\000s\000t\000i\000k\000e\000n}{section.2}% 8
\BOOKMARK [1][-]{section.3}{\376\377\000M\000e\000t\000h\000o\000d\000i\000k}{}% 9
\BOOKMARK [2][-]{subsection.3.1}{\376\377\000M\000o\000n\000t\000e\000-\000C\000a\000r\000l\000o\000-\000S\000i\000m\000u\000l\000a\000t\000i\000o\000n\000\040\000a\000u\000f\000\040\000S\000o\000l\000a\000r\000d\000a\000t\000e\000n}{section.3}% 10
\BOOKMARK [2][-]{subsection.3.2}{\376\377\000M\000e\000s\000s\000u\000n\000g\000\040\000E\000n\000e\000r\000g\000i\000e\000b\000e\000d\000a\000r\000f}{section.3}% 11
\BOOKMARK [2][-]{subsection.3.3}{\376\377\000P\000a\000r\000e\000t\000o\000-\000O\000p\000t\000i\000m\000i\000e\000r\000u\000n\000g}{section.3}% 12
\BOOKMARK [2][-]{subsection.3.4}{\376\377\000I\000n\000t\000e\000g\000r\000a\000l\000e\000r\000h\000a\000l\000t\000e\000n\000d\000e\000\040\000D\000a\000t\000e\000n\000i\000n\000t\000e\000r\000p\000o\000l\000a\000t\000i\000o\000n}{section.3}% 13
\BOOKMARK [1][-]{section.4}{\376\377\000S\000i\000m\000u\000l\000a\000t\000i\000o\000n\000s\000p\000a\000r\000a\000m\000e\000t\000e\000r}{}% 14
\BOOKMARK [2][-]{subsection.4.1}{\376\377\000P\000r\000o\000d\000u\000k\000t\000e}{section.4}% 15
\BOOKMARK [2][-]{subsection.4.2}{\376\377\000R\000e\000g\000e\000l\000u\000n\000g}{section.4}% 16
\BOOKMARK [2][-]{subsection.4.3}{\376\377\000w\000e\000i\000t\000e\000r\000e\000\040\000A\000n\000n\000a\000h\000m\000e\000n}{section.4}% 17
\BOOKMARK [2][-]{subsection.4.4}{\376\377\000R\000e\000i\000n\000e\000r\000\040\000W\000a\000s\000s\000e\000r\000s\000t\000o\000f\000f\000b\000e\000t\000r\000i\000e\000b}{section.4}% 18
\BOOKMARK [1][-]{section.5}{\376\377\000C\000A\000D\000\040\000m\000o\000d\000e\000l\000l\000\040\000d\000e\000s\000\040\000F\000e\000l\000d\000r\000o\000b\000o\000t\000e\000r\000s}{}% 19
\BOOKMARK [1][-]{section.6}{\376\377\000A\000n\000a\000l\000y\000s\000e\000\040\000d\000e\000r\000\040\000v\000e\000r\000w\000e\000n\000d\000e\000t\000e\000n\000\040\000D\000a\000t\000e\000n}{}% 20
\BOOKMARK [2][-]{subsection.6.1}{\376\377\000H\000i\000s\000t\000o\000r\000i\000s\000c\000h\000e\000\040\000S\000o\000l\000a\000r\000e\000\040\000S\000t\000r\000a\000h\000l\000u\000n\000g\000s\000d\000a\000t\000e\000n}{section.6}% 21
\BOOKMARK [2][-]{subsection.6.2}{\376\377\000M\000e\000s\000s\000w\000e\000r\000t\000e\000\040\000d\000e\000s\000\040\000E\000n\000e\000r\000g\000i\000e\000b\000e\000d\000a\000r\000f\000s}{section.6}% 22
\BOOKMARK [1][-]{section.7}{\376\377\000S\000i\000m\000u\000l\000a\000t\000i\000o\000n\000\040\000e\000i\000n\000e\000r\000\040\000e\000i\000n\000z\000e\000l\000n\000e\000n\000\040\000Z\000e\000i\000t\000r\000e\000i\000h\000e}{}% 23
\BOOKMARK [1][-]{section.8}{\376\377\000S\000i\000m\000u\000l\000a\000t\000i\000o\000n\000\040\000\374\000b\000e\000r\000\040\000m\000e\000h\000r\000e\000r\000e\000\040\000Z\000e\000i\000t\000r\000e\000i\000h\000e\000n\000\040\000u\000n\000d\000\040\000v\000a\000r\000i\000a\000b\000l\000e\000\040\000S\000y\000s\000t\000e\000m\000k\000o\000m\000p\000o\000n\000e\000n\000t\000e\000n}{}% 24
\BOOKMARK [2][-]{subsection.8.1}{\376\377\000E\000r\000g\000e\000b\000n\000i\000s\000s\000e\000\040\000d\000e\000r\000\040\000S\000i\000m\000u\000l\000a\000t\000i\000o\000n\000\040\000m\000i\000t\000\040\000P\000a\000r\000e\000t\000o\000-\000O\000p\000t\000i\000m\000i\000e\000r\000u\000n\000g}{section.8}% 25
\BOOKMARK [2][-]{subsection.8.2}{\376\377\000D\000i\000s\000k\000u\000s\000s\000i\000o\000n\000\040\000d\000e\000r\000\040\000P\000a\000r\000e\000t\000o\000\040\000F\000r\000o\000n\000t\000e\000n\000\040\000i\000m\000\040\000J\000u\000n\000i\000\040\000m\000i\000t\000\040\000v\000a\000r\000i\000a\000b\000l\000e\000n\000\040\000T\000a\000n\000k\000i\000n\000t\000e\000r\000v\000a\000l\000l\000e\000n}{section.8}% 26
\BOOKMARK [2][-]{subsection.8.3}{\376\377\000R\000e\000i\000n\000e\000r\000\040\000P\000V\000-\000B\000a\000t\000t\000e\000r\000i\000e\000\040\000B\000e\000t\000r\000i\000e\000b\000\040\000\374\000b\000e\000r\000\040\000d\000a\000s\000\040\000J\000a\000h\000r\000\040\000b\000e\000i\000\040\000u\000n\000t\000e\000r\000s\000c\000h\000i\000e\000d\000l\000i\000c\000h\000e\000r\000\040\000L\000a\000s\000t}{section.8}% 27
\BOOKMARK [2][-]{subsection.8.4}{\376\377\000R\000e\000i\000n\000e\000r\000\040\000W\000a\000s\000s\000e\000r\000s\000t\000o\000f\000f\000b\000e\000t\000r\000i\000e\000b}{section.8}% 28
\BOOKMARK [2][-]{subsection.8.5}{\376\377\000K\000o\000m\000b\000i\000n\000i\000e\000r\000t\000e\000r\000\040\000B\000e\000t\000r\000i\000e\000b\000\040\000v\000o\000n\000\040\000P\000V\000\040\000H\0002\000\040\000u\000n\000d\000\040\000B\000a\000t\000t\000e\000r\000i\000e}{section.8}% 29
\BOOKMARK [1][-]{section.9}{\376\377\000E\000r\000k\000e\000n\000n\000t\000n\000i\000s\000s\000e}{}% 30
